Determining if the pthread_create exist failed with the following output:
Change Dir: /home/charles/hri/human_robot_interaction/puppetbot_ws/build/CMakeFiles/CMakeTmp

Run Build Command:"/usr/bin/make" "cmTC_5022c/fast"
/usr/bin/make -f CMakeFiles/cmTC_5022c.dir/build.make CMakeFiles/cmTC_5022c.dir/build
make[1]: Entering directory '/home/charles/hri/human_robot_interaction/puppetbot_ws/build/CMakeFiles/CMakeTmp'
Building C object CMakeFiles/cmTC_5022c.dir/CheckSymbolExists.c.o
/usr/bin/cc     -o CMakeFiles/cmTC_5022c.dir/CheckSymbolExists.c.o   -c /home/charles/hri/human_robot_interaction/puppetbot_ws/build/CMakeFiles/CMakeTmp/CheckSymbolExists.c
Linking C executable cmTC_5022c
/usr/bin/cmake -E cmake_link_script CMakeFiles/cmTC_5022c.dir/link.txt --verbose=1
/usr/bin/cc       CMakeFiles/cmTC_5022c.dir/CheckSymbolExists.c.o  -o cmTC_5022c -rdynamic 
CMakeFiles/cmTC_5022c.dir/CheckSymbolExists.c.o: In function `main':
CheckSymbolExists.c:(.text+0x16): undefined reference to `pthread_create'
collect2: error: ld returned 1 exit status
CMakeFiles/cmTC_5022c.dir/build.make:97: recipe for target 'cmTC_5022c' failed
make[1]: *** [cmTC_5022c] Error 1
make[1]: Leaving directory '/home/charles/hri/human_robot_interaction/puppetbot_ws/build/CMakeFiles/CMakeTmp'
Makefile:126: recipe for target 'cmTC_5022c/fast' failed
make: *** [cmTC_5022c/fast] Error 2

File /home/charles/hri/human_robot_interaction/puppetbot_ws/build/CMakeFiles/CMakeTmp/CheckSymbolExists.c:
/* */
#include <pthread.h>

int main(int argc, char** argv)
{
  (void)argv;
#ifndef pthread_create
  return ((int*)(&pthread_create))[argc];
#else
  (void)argc;
  return 0;
#endif
}

Determining if the function pthread_create exists in the pthreads failed with the following output:
Change Dir: /home/charles/hri/human_robot_interaction/puppetbot_ws/build/CMakeFiles/CMakeTmp

Run Build Command:"/usr/bin/make" "cmTC_44e32/fast"
/usr/bin/make -f CMakeFiles/cmTC_44e32.dir/build.make CMakeFiles/cmTC_44e32.dir/build
make[1]: Entering directory '/home/charles/hri/human_robot_interaction/puppetbot_ws/build/CMakeFiles/CMakeTmp'
Building C object CMakeFiles/cmTC_44e32.dir/CheckFunctionExists.c.o
/usr/bin/cc    -DCHECK_FUNCTION_EXISTS=pthread_create   -o CMakeFiles/cmTC_44e32.dir/CheckFunctionExists.c.o   -c /usr/share/cmake-3.5/Modules/CheckFunctionExists.c
Linking C executable cmTC_44e32
/usr/bin/cmake -E cmake_link_script CMakeFiles/cmTC_44e32.dir/link.txt --verbose=1
/usr/bin/cc   -DCHECK_FUNCTION_EXISTS=pthread_create    CMakeFiles/cmTC_44e32.dir/CheckFunctionExists.c.o  -o cmTC_44e32 -rdynamic -lpthreads 
/usr/bin/ld: cannot find -lpthreads
collect2: error: ld returned 1 exit status
CMakeFiles/cmTC_44e32.dir/build.make:97: recipe for target 'cmTC_44e32' failed
make[1]: *** [cmTC_44e32] Error 1
make[1]: Leaving directory '/home/charles/hri/human_robot_interaction/puppetbot_ws/build/CMakeFiles/CMakeTmp'
Makefile:126: recipe for target 'cmTC_44e32/fast' failed
make: *** [cmTC_44e32/fast] Error 2


